# JRE version: OpenJDK Runtime Environment Zulu15.29+15-CA (15.0.2+7) (build 15.0.2+7)
# Java VM: OpenJDK 64-Bit Server VM Zulu15.29+15-CA (15.0.2+7, mixed mode, tiered, compressed oops, g1 gc, bsd-aarch64)
GC Precious Log:
 CPUs: 8 total, 8 available
 Memory: 16384M
 Large Page Support: Disabled
 NUMA Support: Disabled
 Compressed Oops: Enabled (Zero based)
 Heap Region Size: 1M
 Heap Min Capacity: 8M
 Heap Initial Capacity: 256M
 Heap Max Capacity: 512M
 Pre-touch: Disabled
 Parallel Workers: 8
 Concurrent Workers: 2
 Concurrent Refinement Workers: 8
 Periodic GC: Disabled
Heap:
 garbage-first heap   total 89088K, used 71076K [0x00000007a0000000, 0x00000007c0000000)
  region size 1024K, 47 young (48128K), 5 survivors (5120K)
 Metaspace       used 72604K, capacity 73137K, committed 73408K, reserved 1114112K
  class space    used 7937K, capacity 8091K, committed 8192K, reserved 1048576K
GC Heap History (20 events):
Event: 2.953 GC heap before
{Heap before GC invocations=26 (full 0):
 garbage-first heap   total 89088K, used 73745K [0x00000007a0000000, 0x00000007c0000000)
  region size 1024K, 52 young (53248K), 4 survivors (4096K)
 Metaspace       used 59044K, capacity 59559K, committed 59904K, reserved 1101824K
  class space    used 6399K, capacity 6552K, committed 6656K, reserved 1048576K
}
Event: 2.956 GC heap after
{Heap after GC invocations=27 (full 0):
 garbage-first heap   total 89088K, used 25379K [0x00000007a0000000, 0x00000007c0000000)
  region size 1024K, 5 young (5120K), 5 survivors (5120K)
 Metaspace       used 59044K, capacity 59559K, committed 59904K, reserved 1101824K
  class space    used 6399K, capacity 6552K, committed 6656K, reserved 1048576K
}
Event: 2.998 GC heap before
{Heap before GC invocations=27 (full 0):
 garbage-first heap   total 89088K, used 52003K [0x00000007a0000000, 0x00000007c0000000)
  region size 1024K, 32 young (32768K), 5 survivors (5120K)
 Metaspace       used 59608K, capacity 60103K, committed 60160K, reserved 1103872K
  class space    used 6511K, capacity 6648K, committed 6656K, reserved 1048576K
}
Event: 3.000 GC heap after
{Heap after GC invocations=28 (full 0):
 garbage-first heap   total 89088K, used 25271K [0x00000007a0000000, 0x00000007c0000000)
  region size 1024K, 4 young (4096K), 4 survivors (4096K)
 Metaspace       used 59608K, capacity 60103K, committed 60160K, reserved 1103872K
  class space    used 6511K, capacity 6648K, committed 6656K, reserved 1048576K
}
Event: 3.082 GC heap before
{Heap before GC invocations=29 (full 0):
 garbage-first heap   total 89088K, used 73399K [0x00000007a0000000, 0x00000007c0000000)
  region size 1024K, 51 young (52224K), 4 survivors (4096K)
 Metaspace       used 61226K, capacity 61797K, committed 61888K, reserved 1103872K
  class space    used 6708K, capacity 6873K, committed 6912K, reserved 1048576K
}
Event: 3.084 GC heap after
{Heap after GC invocations=30 (full 0):
 garbage-first heap   total 89088K, used 25181K [0x00000007a0000000, 0x00000007c0000000)
  region size 1024K, 4 young (4096K), 4 survivors (4096K)
 Metaspace       used 61226K, capacity 61797K, committed 61888K, reserved 1103872K
  class space    used 6708K, capacity 6873K, committed 6912K, reserved 1048576K
}
Event: 3.140 GC heap before
{Heap before GC invocations=30 (full 0):
 garbage-first heap   total 89088K, used 73309K [0x00000007a0000000, 0x00000007c0000000)
  region size 1024K, 51 young (52224K), 4 survivors (4096K)
 Metaspace       used 63124K, capacity 63717K, committed 63808K, reserved 1105920K
  class space    used 6850K, capacity 7001K, committed 7040K, reserved 1048576K
}
Event: 3.142 GC heap after
{Heap after GC invocations=31 (full 0):
 garbage-first heap   total 89088K, used 25401K [0x00000007a0000000, 0x00000007c0000000)
  region size 1024K, 4 young (4096K), 4 survivors (4096K)
 Metaspace       used 63124K, capacity 63717K, committed 63808K, reserved 1105920K
  class space    used 6850K, capacity 7001K, committed 7040K, reserved 1048576K
}
Event: 3.221 GC heap before
{Heap before GC invocations=31 (full 0):
 garbage-first heap   total 89088K, used 73529K [0x00000007a0000000, 0x00000007c0000000)
  region size 1024K, 51 young (52224K), 4 survivors (4096K)
 Metaspace       used 63716K, capacity 64293K, committed 64448K, reserved 1105920K
  class space    used 6906K, capacity 7065K, committed 7168K, reserved 1048576K
}
Event: 3.223 GC heap after
{Heap after GC invocations=32 (full 0):
 garbage-first heap   total 89088K, used 28180K [0x00000007a0000000, 0x00000007c0000000)
  region size 1024K, 7 young (7168K), 7 survivors (7168K)
 Metaspace       used 63716K, capacity 64293K, committed 64448K, reserved 1105920K
  class space    used 6906K, capacity 7065K, committed 7168K, reserved 1048576K
}
Event: 3.290 GC heap before
{Heap before GC invocations=32 (full 0):
 garbage-first heap   total 89088K, used 70164K [0x00000007a0000000, 0x00000007c0000000)
  region size 1024K, 48 young (49152K), 7 survivors (7168K)
 Metaspace       used 65067K, capacity 65643K, committed 65984K, reserved 1107968K
  class space    used 7170K, capacity 7322K, committed 7424K, reserved 1048576K
}
Event: 3.292 GC heap after
{Heap after GC invocations=33 (full 0):
 garbage-first heap   total 89088K, used 26484K [0x00000007a0000000, 0x00000007c0000000)
  region size 1024K, 2 young (2048K), 2 survivors (2048K)
 Metaspace       used 65067K, capacity 65643K, committed 65984K, reserved 1107968K
  class space    used 7170K, capacity 7322K, committed 7424K, reserved 1048576K
}
Event: 3.370 GC heap before
{Heap before GC invocations=33 (full 0):
 garbage-first heap   total 89088K, used 72564K [0x00000007a0000000, 0x00000007c0000000)
  region size 1024K, 47 young (48128K), 2 survivors (2048K)
 Metaspace       used 66819K, capacity 67371K, committed 67648K, reserved 1110016K
  class space    used 7299K, capacity 7450K, committed 7552K, reserved 1048576K
}
Event: 3.371 GC heap after
{Heap after GC invocations=34 (full 0):
 garbage-first heap   total 89088K, used 25831K [0x00000007a0000000, 0x00000007c0000000)
  region size 1024K, 1 young (1024K), 1 survivors (1024K)
 Metaspace       used 66819K, capacity 67371K, committed 67648K, reserved 1110016K
  class space    used 7299K, capacity 7450K, committed 7552K, reserved 1048576K
}
Event: 3.424 GC heap before
{Heap before GC invocations=34 (full 0):
 garbage-first heap   total 89088K, used 73959K [0x00000007a0000000, 0x00000007c0000000)
  region size 1024K, 48 young (49152K), 1 survivors (1024K)
 Metaspace       used 68553K, capacity 69099K, committed 69312K, reserved 1112064K
  class space    used 7420K, capacity 7578K, committed 7680K, reserved 1048576K
}
Event: 3.425 GC heap after
{Heap after GC invocations=35 (full 0):
 garbage-first heap   total 89088K, used 25937K [0x00000007a0000000, 0x00000007c0000000)
  region size 1024K, 2 young (2048K), 2 survivors (2048K)
 Metaspace       used 68553K, capacity 69099K, committed 69312K, reserved 1112064K
  class space    used 7420K, capacity 7578K, committed 7680K, reserved 1048576K
}
Event: 3.493 GC heap before
{Heap before GC invocations=35 (full 0):
 garbage-first heap   total 89088K, used 74065K [0x00000007a0000000, 0x00000007c0000000)
  region size 1024K, 49 young (50176K), 2 survivors (2048K)
 Metaspace       used 69975K, capacity 70539K, committed 70592K, reserved 1112064K
  class space    used 7530K, capacity 7674K, committed 7680K, reserved 1048576K
}
Event: 3.495 GC heap after
{Heap after GC invocations=36 (full 0):
 garbage-first heap   total 89088K, used 27736K [0x00000007a0000000, 0x00000007c0000000)
  region size 1024K, 3 young (3072K), 3 survivors (3072K)
 Metaspace       used 69975K, capacity 70539K, committed 70592K, reserved 1112064K
  class space    used 7530K, capacity 7674K, committed 7680K, reserved 1048576K
}
Event: 3.551 GC heap before
{Heap before GC invocations=36 (full 0):
 garbage-first heap   total 89088K, used 72792K [0x00000007a0000000, 0x00000007c0000000)
  region size 1024K, 48 young (49152K), 3 survivors (3072K)
 Metaspace       used 69975K, capacity 70539K, committed 70592K, reserved 1112064K
  class space    used 7530K, capacity 7674K, committed 7680K, reserved 1048576K
}
Event: 3.553 GC heap after
{Heap after GC invocations=37 (full 0):
 garbage-first heap   total 89088K, used 29092K [0x00000007a0000000, 0x00000007c0000000)
  region size 1024K, 5 young (5120K), 5 survivors (5120K)
 Metaspace       used 69975K, capacity 70539K, committed 70592K, reserved 1112064K
  class space    used 7530K, capacity 7674K, committed 7680K, reserved 1048576K
}

